<?xml version="1.0" encoding="UTF-8"?>
<!-- Generated by org.testng.reporters.JUnitReportReporter -->
<testsuite hostname="Anita-15000" failures="0" tests="2" name="ParallelExecution.TestNGParalledtestingDemo" time="0.017" errors="0" timestamp="2021-10-15T17:25:28 IST" skipped="0">
  <testcase classname="ParallelExecution.TestNGParalledtestingDemo" name="test1" time="0.010"/>
  <system-out/>
  <testcase classname="ParallelExecution.TestNGParalledtestingDemo" name="test2" time="0.007"/>
  <system-out/>
</testsuite> <!-- ParallelExecution.TestNGParalledtestingDemo -->
