<?xml version="1.0" encoding="UTF-8"?>
<!-- Generated by org.testng.reporters.JUnitReportReporter -->
<testsuite hostname="Anita-15000" failures="0" tests="1" name="ParallelExecution.Anotherchrome" time="0.009" errors="0" timestamp="2021-10-15T17:25:28 IST" skipped="0">
  <testcase classname="ParallelExecution.Anotherchrome" name="ChromeTestMethod" time="0.009"/>
  <system-out/>
</testsuite> <!-- ParallelExecution.Anotherchrome -->
