<?xml version="1.0" encoding="UTF-8"?>
<!-- Generated by org.testng.reporters.JUnitReportReporter -->
<testsuite hostname="Anita-15000" failures="0" tests="4" name="Grouping.TestNGGroupDemo" time="0.012" errors="0" timestamp="2021-09-23T07:18:09 IST" skipped="0">
  <testcase classname="Grouping.TestNGGroupDemo" name="test2" time="0.002"/>
  <system-out/>
  <testcase classname="Grouping.TestNGGroupDemo" name="test1" time="0.007"/>
  <system-out/>
  <testcase classname="Grouping.TestNGGroupDemo" name="test4" time="0.002"/>
  <system-out/>
  <testcase classname="Grouping.TestNGGroupDemo" name="test3" time="0.001"/>
  <system-out/>
</testsuite> <!-- Grouping.TestNGGroupDemo -->
