<?xml version="1.0" encoding="UTF-8"?>
<!-- Generated by org.testng.reporters.JUnitReportReporter -->
<testsuite hostname="Anita-15000" failures="0" tests="1" name="browserlaunch.B" time="7.647" errors="0" timestamp="2021-09-18T00:22:02 IST" skipped="0">
  <testcase classname="browserlaunch.B" name="browserlaunch" time="7.647"/>
  <system-out/>
</testsuite> <!-- browserlaunch.B -->
