<?xml version="1.0" encoding="UTF-8"?>
<!-- Generated by org.testng.reporters.JUnitReportReporter -->
<testsuite hostname="Anita-15000" failures="0" tests="1" name="browserlaunch.C" time="9.880" errors="0" timestamp="2021-09-18T00:47:57 IST" skipped="0">
  <testcase classname="browserlaunch.C" name="browserlaunch" time="9.880"/>
  <system-out/>
</testsuite> <!-- browserlaunch.C -->
