<?xml version="1.0" encoding="UTF-8"?>
<!-- Generated by org.testng.reporters.JUnitReportReporter -->
<testsuite hostname="Anita-15000" failures="0" tests="7" name="TestNGAnnotation.D" time="0.016" errors="0" timestamp="2021-10-22T09:39:16 IST" skipped="0">
  <testcase classname="TestNGAnnotation.D" name="LoginAdmin" time="0.001"/>
  <system-out/>
  <testcase classname="TestNGAnnotation.D" name="LoginAdmin" time="0.001"/>
  <system-out/>
  <testcase classname="TestNGAnnotation.D" name="PaymentDetails" time="0.001"/>
  <system-out/>
  <testcase classname="TestNGAnnotation.D" name="LoginAdmin" time="0.001"/>
  <system-out/>
  <testcase classname="TestNGAnnotation.D" name="LoginAdmin" time="0.001"/>
  <system-out/>
  <testcase classname="TestNGAnnotation.D" name="LoginAdmin" time="0.001"/>
  <system-out/>
  <testcase classname="TestNGAnnotation.D" name="LeaseDetails" time="0.010"/>
  <system-out/>
</testsuite> <!-- TestNGAnnotation.D -->
