<?xml version="1.0" encoding="UTF-8"?>
<!-- Generated by org.testng.reporters.JUnitReportReporter -->
<testsuite hostname="Anita-15000" failures="0" tests="5" name="restassuresdTests.Demo5_BasicValidation_json" time="4.059" errors="0" timestamp="2023-07-09T09:03:58 IST" skipped="0">
  <testcase classname="restassuresdTests.Demo5_BasicValidation_json" name="testStatusCode" time="2.071"/>
  <system-out/>
  <testcase classname="restassuresdTests.Demo5_BasicValidation_json" name="testlogin" time="0.370"/>
  <system-out/>
  <testcase classname="restassuresdTests.Demo5_BasicValidation_json" name="testsinglecontent" time="0.963"/>
  <system-out/>
  <testcase classname="restassuresdTests.Demo5_BasicValidation_json" name="multiplenames" time="0.332"/>
  <system-out/>
  <testcase classname="restassuresdTests.Demo5_BasicValidation_json" name="verifyingparameterandheaders" time="0.323"/>
  <system-out/>
</testsuite> <!-- restassuresdTests.Demo5_BasicValidation_json -->
