<?xml version="1.0" encoding="UTF-8"?>
<!-- Generated by org.testng.reporters.JUnitReportReporter -->
<testsuite hostname="Anita-15000" failures="0" tests="1" name="Jenkins.Project.Basicprojectr" time="15.189" errors="0" timestamp="2023-10-28T08:38:30 IST" skipped="0">
  <testcase classname="Jenkins.Project.Basicprojectr" name="luanching" time="15.189"/>
  <system-out/>
</testsuite> <!-- Jenkins.Project.Basicprojectr -->
